
[2K[1G[1myarn run v1.22.21[22m
[2K[1G[33mwarning[39m package.json: No license field
[2K[1G[2m$ bun run src/index.ts[22m
[0m[2m[[1m0.23ms[0m[2m][0m [2m".env"[0m
Listening on http://localhost:3005 ...
cookie: 
WebSocket connection opened
Received message: {"action":"new user","type":"subscribe","topic":"chat","user":{"userName":"Pikachu180","status":"online","id":"clux62ipg000gibehm785cpj4"}}
cookie: 
WebSocket connection opened
Received message: {"action":"new user","type":"subscribe","topic":"chat","user":{"userName":"Pikachu180","status":"online","id":"clux62ipg000gibehm785cpj4"}}
published
Pikachu180 has left the chat!
WebSocket connection closed
published
Pikachu180 has left the chat!
WebSocket connection closed
cookie: 
WebSocket connection opened
Received message: {"action":"new user","type":"subscribe","topic":"chat","user":{"userName":"Pikachu180","status":"online","id":"clux62ipg000gibehm785cpj4"}}
published
Pikachu180 has left the chat!
WebSocket connection closed
cookie: 
WebSocket connection opened
Received message: {"action":"new user","type":"subscribe","topic":"chat","user":{"userName":"Pikachu180","status":"online","id":"clux62ipg000gibehm785cpj4"}}
